<?xml version="1.0" encoding="UTF-8"?>
<testsuite name="scrap.heap.refactor.CakeTest" tests="1" skipped="0" failures="0" errors="0" timestamp="2019-09-09T07:06:31" hostname="chengjie-laptop" time="0.009">
  <properties/>
  <testcase name="testCakeCreating" classname="scrap.heap.refactor.CakeTest" time="0.009"/>
  <system-out><![CDATA[]]></system-out>
  <system-err><![CDATA[]]></system-err>
</testsuite>
