<?xml version="1.0" encoding="UTF-8"?>
<testsuite name="scrap.heap.refactor.AppTest" tests="1" skipped="0" failures="0" errors="0" timestamp="2019-09-09T07:06:31" hostname="chengjie-laptop" time="0.003">
  <properties/>
  <testcase name="testAppHasAGreeting" classname="scrap.heap.refactor.AppTest" time="0.003"/>
  <system-out><![CDATA[]]></system-out>
  <system-err><![CDATA[]]></system-err>
</testsuite>
